<?xml version="1.0" encoding="UTF-8"?>
<robot generator="Robot 7.2.2 (Python 3.11.0 on darwin)" generated="2025-03-11T08:33:46.643072" rpa="false" schemaversion="5">
<suite id="s1" name="Testdemo5" source="/Users/mitran/pythonProject/RobotFramework/tests/testdemo5.robot">
<test id="s1-t1" name="Validate UnSuccessful Login" line="17">
<kw name="Open the browser with the Mortgage payment url" owner="resource" type="SETUP">
<kw name="Open Browser" owner="SeleniumLibrary">
<msg time="2025-03-11T08:33:46.789497" level="INFO">Opening browser 'chrome' to base url 'about:blank'.</msg>
<msg time="2025-03-11T08:33:50.593906" level="WARN">Error sending stats to Plausible: error sending request for url (https://plausible.io/api/event)</msg>
<arg>about:blank</arg>
<arg>chrome</arg>
<doc>Opens a new browser instance to the optional ``url``.</doc>
<status status="PASS" start="2025-03-11T08:33:46.789356" elapsed="5.559327"/>
</kw>
<kw name="Go To" owner="SeleniumLibrary">
<msg time="2025-03-11T08:33:52.350252" level="INFO">Opening url 'https://rahulshettyacademy.com/loginpagePractise/'</msg>
<arg>${url}</arg>
<doc>Navigates the current browser window to the provided ``url``.</doc>
<status status="PASS" start="2025-03-11T08:33:52.349783" elapsed="0.948940"/>
</kw>
<status status="PASS" start="2025-03-11T08:33:46.788821" elapsed="6.510214"/>
</kw>
<kw name="Validate UnSuccessful Login">
<kw name="Log To Console" owner="BuiltIn">
<arg>Username: ${username}, Password: ${password}</arg>
<doc>Logs the given message to the console.</doc>
<status status="PASS" start="2025-03-11T08:33:53.300208" elapsed="0.000215"/>
</kw>
<kw name="Fill the login form">
<kw name="Wait Until Element Is Visible" owner="SeleniumLibrary">
<arg>id:username</arg>
<doc>Waits until the element ``locator`` is visible.</doc>
<status status="PASS" start="2025-03-11T08:33:53.300803" elapsed="0.049984"/>
</kw>
<kw name="Wait Until Element Is Visible" owner="SeleniumLibrary">
<arg>id:password</arg>
<doc>Waits until the element ``locator`` is visible.</doc>
<status status="PASS" start="2025-03-11T08:33:53.351093" elapsed="0.020063"/>
</kw>
<kw name="Input Text" owner="SeleniumLibrary">
<msg time="2025-03-11T08:33:53.371620" level="INFO">Typing text 'username' into text field 'id:username'.</msg>
<arg>id:username</arg>
<arg>${username}</arg>
<doc>Types the given ``text`` into the text field identified by ``locator``.</doc>
<status status="PASS" start="2025-03-11T08:33:53.371363" elapsed="0.191281"/>
</kw>
<kw name="Input Password" owner="SeleniumLibrary">
<msg time="2025-03-11T08:33:53.563033" level="INFO">Typing password into text field 'id:password'.</msg>
<msg time="2025-03-11T08:33:53.581638" level="INFO">Temporally setting log level to: NONE</msg>
<arg>id:password</arg>
<arg>${password}</arg>
<doc>Types the given password into the text field identified by ``locator``.</doc>
<status status="PASS" start="2025-03-11T08:33:53.562828" elapsed="0.046345"/>
</kw>
<kw name="Click Button" owner="SeleniumLibrary">
<msg time="2025-03-11T08:33:53.609495" level="INFO">Clicking button 'id:signInBtn'.</msg>
<arg>id:signInBtn</arg>
<doc>Clicks the button identified by ``locator``.</doc>
<status status="PASS" start="2025-03-11T08:33:53.609339" elapsed="0.055958"/>
</kw>
<arg>${username}</arg>
<arg>${password}</arg>
<status status="PASS" start="2025-03-11T08:33:53.300561" elapsed="0.364840"/>
</kw>
<kw name="Wait until it checks and display error message">
<kw name="Wait Until Element Is Visible" owner="SeleniumLibrary">
<arg>${Error_message_login}</arg>
<arg>timeout=10s</arg>
<doc>Waits until the element ``locator`` is visible.</doc>
<status status="PASS" start="2025-03-11T08:33:53.665749" elapsed="2.007837"/>
</kw>
<status status="PASS" start="2025-03-11T08:33:53.665532" elapsed="2.010295"/>
</kw>
<kw name="Verify error message is correct">
<kw name="Element Text Should Be" owner="SeleniumLibrary">
<msg time="2025-03-11T08:33:55.678703" level="INFO">Verifying element 'css:.alert-danger' contains exact text 'Incorrect username/password.'.</msg>
<arg>${Error_message_login}</arg>
<arg>Incorrect username/password.</arg>
<doc>Verifies that element ``locator`` contains exact the text ``expected``.</doc>
<status status="PASS" start="2025-03-11T08:33:55.678220" elapsed="0.020732"/>
</kw>
<status status="PASS" start="2025-03-11T08:33:55.677289" elapsed="0.021764"/>
</kw>
<arg>username</arg>
<arg>password</arg>
<status status="PASS" start="2025-03-11T08:33:53.299741" elapsed="2.399364"/>
</kw>
<kw name="Close Browser" owner="SeleniumLibrary" type="TEARDOWN">
<doc>Closes the current browser.</doc>
<status status="PASS" start="2025-03-11T08:33:55.699457" elapsed="0.086252"/>
</kw>
<status status="PASS" start="2025-03-11T08:33:46.787973" elapsed="8.997896"/>
</test>
<doc>To validate the Login form</doc>
<status status="PASS" start="2025-03-11T08:33:46.644228" elapsed="9.142164"/>
</suite>
<statistics>
<total>
<stat pass="1" fail="0" skip="0">All Tests</stat>
</total>
<tag>
</tag>
<suite>
<stat name="Testdemo5" id="s1" pass="1" fail="0" skip="0">Testdemo5</stat>
</suite>
</statistics>
<errors>
<msg time="2025-03-11T08:33:46.786239" level="ERROR">[ DataDriver ] Error in robot file:
  File "/Users/mitran/pythonProject/RobotFramework/tests/testdemo5.robot", line 0</msg>
<msg time="2025-03-11T08:33:46.786282" level="ERROR">In source file:
  File "/Users/mitran/pythonProject/RobotFramework/testsresources/data.csv", line 0</msg>
<msg time="2025-03-11T08:33:46.787869" level="ERROR">Calling method '_start_suite' of listener 'DataDriver' failed: FileNotFoundError: File attribute was not a full path. Tried to find /Users/mitran/pythonProject/RobotFramework/testsresources/data.csv but file does not exist.</msg>
<msg time="2025-03-11T08:33:50.593906" level="WARN">Error sending stats to Plausible: error sending request for url (https://plausible.io/api/event)</msg>
</errors>
</robot>
